<?xml version="1.0" encoding="UTF-8"?>
<testsuite xmlns:xsi="http://www.w3.org/2001/XMLSchema-instance" xsi:noNamespaceSchemaLocation="https://maven.apache.org/surefire/maven-surefire-plugin/xsd/surefire-test-report.xsd" name="com.thomassmithyman.topbloc.thomas_smithyman.AppTest" time="0.038" tests="1" errors="0" skipped="0" failures="0">
  <properties>
    <property name="java.vm.info" value="mixed mode"/>
    <property name="file.encoding.pkg" value="sun.io"/>
    <property name="file.encoding" value="UTF-8"/>
    <property name="java.specification.name" value="Java Platform API Specification"/>
    <property name="sun.os.patch.level" value="unknown"/>
    <property name="user.dir" value="/Users/Thomas/Documents/workspace/thomas-smithyman"/>
    <property name="line.separator" value="&#10;"/>
    <property name="java.home" value="/Library/Java/JavaVirtualMachines/jdk1.7.0_67.jdk/Contents/Home/jre"/>
    <property name="user.name" value="Thomas"/>
    <property name="sun.boot.library.path" value="/Library/Java/JavaVirtualMachines/jdk1.7.0_67.jdk/Contents/Home/jre/lib"/>
    <property name="user.home" value="/Users/Thomas"/>
    <property name="localRepository" value="/Users/Thomas/.m2/repository"/>
    <property name="sun.java.launcher" value="SUN_STANDARD"/>
    <property name="java.class.version" value="51.0"/>
    <property name="user.language" value="en"/>
    <property name="java.vendor.url.bug" value="http://bugreport.sun.com/bugreport/"/>
    <property name="sun.jnu.encoding" value="UTF-8"/>
    <property name="java.io.tmpdir" value="/var/folders/55/n0qk03zj52z7ktbwdhsg5x5w0000gn/T/"/>
    <property name="java.specification.vendor" value="Oracle Corporation"/>
    <property name="file.separator" value="/"/>
    <property name="java.class.path" value="/Users/Thomas/Documents/workspace/thomas-smithyman/target/test-classes:/Users/Thomas/Documents/workspace/thomas-smithyman/target/classes:/Users/Thomas/.m2/repository/junit/junit/4.11/junit-4.11.jar:/Users/Thomas/.m2/repository/org/hamcrest/hamcrest-core/1.3/hamcrest-core-1.3.jar:"/>
    <property name="java.vm.vendor" value="Oracle Corporation"/>
    <property name="sun.cpu.endian" value="little"/>
    <property name="ftp.nonProxyHosts" value="local|*.local|169.254/16|*.169.254/16"/>
    <property name="java.vm.specification.vendor" value="Oracle Corporation"/>
    <property name="java.specification.version" value="1.7"/>
    <property name="awt.toolkit" value="sun.lwawt.macosx.LWCToolkit"/>
    <property name="sun.java.command" value="/Users/Thomas/Documents/workspace/thomas-smithyman/target/surefire/surefirebooter7764639342942634402.jar /Users/Thomas/Documents/workspace/thomas-smithyman/target/surefire 2018-07-30T17-00-35_894-jvmRun1 surefire2790688439003923314tmp surefire_05180994822413548217tmp"/>
    <property name="user.timezone" value=""/>
    <property name="surefire.test.class.path" value="/Users/Thomas/Documents/workspace/thomas-smithyman/target/test-classes:/Users/Thomas/Documents/workspace/thomas-smithyman/target/classes:/Users/Thomas/.m2/repository/junit/junit/4.11/junit-4.11.jar:/Users/Thomas/.m2/repository/org/hamcrest/hamcrest-core/1.3/hamcrest-core-1.3.jar:"/>
    <property name="java.runtime.version" value="1.7.0_67-b01"/>
    <property name="java.vendor" value="Oracle Corporation"/>
    <property name="http.nonProxyHosts" value="local|*.local|169.254/16|*.169.254/16"/>
    <property name="sun.management.compiler" value="HotSpot 64-Bit Tiered Compilers"/>
    <property name="sun.arch.data.model" value="64"/>
    <property name="os.arch" value="x86_64"/>
    <property name="sun.io.unicode.encoding" value="UnicodeBig"/>
    <property name="java.awt.printerjob" value="sun.lwawt.macosx.CPrinterJob"/>
    <property name="path.separator" value=":"/>
    <property name="java.runtime.name" value="Java(TM) SE Runtime Environment"/>
    <property name="java.vendor.url" value="http://java.oracle.com/"/>
    <property name="sun.boot.class.path" value="/Library/Java/JavaVirtualMachines/jdk1.7.0_67.jdk/Contents/Home/jre/lib/resources.jar:/Library/Java/JavaVirtualMachines/jdk1.7.0_67.jdk/Contents/Home/jre/lib/rt.jar:/Library/Java/JavaVirtualMachines/jdk1.7.0_67.jdk/Contents/Home/jre/lib/sunrsasign.jar:/Library/Java/JavaVirtualMachines/jdk1.7.0_67.jdk/Contents/Home/jre/lib/jsse.jar:/Library/Java/JavaVirtualMachines/jdk1.7.0_67.jdk/Contents/Home/jre/lib/jce.jar:/Library/Java/JavaVirtualMachines/jdk1.7.0_67.jdk/Contents/Home/jre/lib/charsets.jar:/Library/Java/JavaVirtualMachines/jdk1.7.0_67.jdk/Contents/Home/jre/lib/jfr.jar:/Library/Java/JavaVirtualMachines/jdk1.7.0_67.jdk/Contents/Home/jre/classes"/>
    <property name="surefire.real.class.path" value="/Users/Thomas/Documents/workspace/thomas-smithyman/target/surefire/surefirebooter7764639342942634402.jar"/>
    <property name="java.endorsed.dirs" value="/Library/Java/JavaVirtualMachines/jdk1.7.0_67.jdk/Contents/Home/jre/lib/endorsed"/>
    <property name="socksNonProxyHosts" value="local|*.local|169.254/16|*.169.254/16"/>
    <property name="gopherProxySet" value="false"/>
    <property name="java.vm.version" value="24.65-b04"/>
    <property name="os.name" value="Mac OS X"/>
    <property name="java.vm.specification.version" value="1.7"/>
    <property name="sun.cpu.isalist" value=""/>
    <property name="java.version" value="1.7.0_67"/>
    <property name="java.vm.specification.name" value="Java Virtual Machine Specification"/>
    <property name="java.ext.dirs" value="/Users/Thomas/Library/Java/Extensions:/Library/Java/JavaVirtualMachines/jdk1.7.0_67.jdk/Contents/Home/jre/lib/ext:/Library/Java/Extensions:/Network/Library/Java/Extensions:/System/Library/Java/Extensions:/usr/lib/java"/>
    <property name="os.version" value="10.13.6"/>
    <property name="basedir" value="/Users/Thomas/Documents/workspace/thomas-smithyman"/>
    <property name="java.library.path" value="/Users/Thomas/Library/Java/Extensions:/Library/Java/Extensions:/Network/Library/Java/Extensions:/System/Library/Java/Extensions:/usr/lib/java:."/>
    <property name="java.awt.graphicsenv" value="sun.awt.CGraphicsEnvironment"/>
    <property name="java.vm.name" value="Java HotSpot(TM) 64-Bit Server VM"/>
    <property name="user.country" value="US"/>
  </properties>
  <testcase name="shouldAnswerWithTrue" classname="com.thomassmithyman.topbloc.thomas_smithyman.AppTest" time="0.002"/>
</testsuite>